2026-05-25 20:12:31,497 - asyncio - DEBUG - Using proactor: IocpProactor
2026-05-25 20:12:31,547 - flet - INFO - Assets path configured: C:\Users\murilo.gusmao\Downloads\winfix\assets
2026-05-25 20:12:31,551 - flet - DEBUG - Creating new PubSubHub instance
2026-05-25 20:12:31,551 - flet - DEBUG - Creating new PubSubHub instance
2026-05-25 20:12:31,551 - flet - INFO - Starting up TCP server on localhost:52147
2026-05-25 20:12:31,556 - flet - INFO - Flet app has started...
2026-05-25 20:12:31,562 - flet - INFO - App URL: tcp://localhost:52147
2026-05-25 20:12:31,562 - flet_desktop - INFO - Starting Flet View app...
2026-05-25 20:12:31,563 - flet_desktop - INFO - Looking for Flet executable at: C:\Users\murilo.gusmao\AppData\Local\Python\pythoncore-3.14-64\Lib\site-packages\flet_desktop\app\flet\flet.exe
2026-05-25 20:12:31,564 - flet_desktop - INFO - Flet View found in: C:\Users\murilo.gusmao\AppData\Local\Python\pythoncore-3.14-64\Lib\site-packages\flet_desktop\app\flet\flet.exe
2026-05-25 20:12:31,928 - flet - DEBUG - Connected new TCP client
2026-05-25 20:12:31,929 - flet - DEBUG - _on_message: {"action":"registerWebClient","payload":{"pageName":"","pageRoute":"/","pageWidth":"1264.0","pageHeight":"681.0","windowWidth":"1280.0","windowHeight":"720.0","windowTop":"10.0","windowLeft":"10.0","isPWA":"false","isWeb":"false","isDebug":"false","platform":"windows","platformBrightness":"light","media":"{\"padding\":{\"top\":0.0,\"right\":0.0,\"bottom\":0.0,\"left\":0.0},\"view_padding\":{\"top\":0.0,\"right\":0.0,\"bottom\":0.0,\"left\":0.0},\"view_insets\":{\"top\":0.0,\"right\":0.0,\"bottom\":0.0,\"left\":0.0}}","sessionId":""}}
2026-05-25 20:12:31,930 - flet - DEBUG - __send: {"action":"registerWebClient","payload":{"session":{"id":"","controls":{"page":{"i":"page","t":"page","p":"","c":[],"route":"/","width":"1264.0","height":"681.0","windowwidth":"1280.0","windowheight":"720.0","windowtop":"10.0","windowleft":"10.0","pwa":"false","web":"false","debug":"false","platform":"windows","platformBrightness":"light","media":"{\"padding\":{\"top\":0.0,\"right\":0.0,\"bottom\":0.0,\"left\":0.0},\"view_padding\":{\"top\":0.0,\"right\":0.0,\"bottom\":0.0,\"left\":0.0},\"view_insets\":{\"top\":0.0,\"right\":0.0,\"bottom\":0.0,\"left\":0.0}}"}}},"error":"","appInactive":false}}
2026-05-25 20:12:31,931 - flet - DEBUG - _process_command: get ['page', 'route'] {}
2026-05-25 20:12:31,931 - flet - DEBUG - _process_command: get ['page', 'pwa'] {}
2026-05-25 20:12:31,931 - flet - DEBUG - _process_command: get ['page', 'web'] {}
2026-05-25 20:12:31,931 - flet - DEBUG - _process_command: get ['page', 'debug'] {}
2026-05-25 20:12:31,931 - flet - DEBUG - _process_command: get ['page', 'platform'] {}
2026-05-25 20:12:31,932 - flet - DEBUG - _process_command: get ['page', 'platformBrightness'] {}
2026-05-25 20:12:31,932 - flet - DEBUG - _process_command: get ['page', 'media'] {}
2026-05-25 20:12:31,932 - flet - DEBUG - _process_command: get ['page', 'width'] {}
2026-05-25 20:12:31,932 - flet - DEBUG - _process_command: get ['page', 'height'] {}
2026-05-25 20:12:31,932 - flet - DEBUG - _process_command: get ['page', 'windowWidth'] {}
2026-05-25 20:12:31,932 - flet - DEBUG - _process_command: get ['page', 'windowHeight'] {}
2026-05-25 20:12:31,932 - flet - DEBUG - _process_command: get ['page', 'windowTop'] {}
2026-05-25 20:12:31,932 - flet - DEBUG - _process_command: get ['page', 'windowLeft'] {}
2026-05-25 20:12:31,932 - flet - DEBUG - _process_command: get ['page', 'clientIP'] {}
2026-05-25 20:12:31,932 - flet - DEBUG - _process_command: get ['page', 'clientUserAgent'] {}
2026-05-25 20:12:31,933 - flet - INFO - App session started
2026-05-25 20:12:31,933 - flet - DEBUG - sent to TCP: 605
2026-05-25 20:12:31,945 - flet - DEBUG - _process_command: set ['page'] {'thememode': 'system', 'title': 'WinFix v4.0 - Diagnóstico & Fixes Windows'}
2026-05-25 20:12:31,946 - flet - DEBUG - _process_command: add [] {'to': 'page', 'at': '0'}
2026-05-25 20:12:31,946 - flet - DEBUG - _process_command: add [] {'to': 'page', 'at': '1'}
2026-05-25 20:12:31,947 - flet - DEBUG - __send: {"action":"pageControlsBatch","payload":[{"action":"updateControlProps","payload":{"props":[{"i":"page","thememode":"system","title":"WinFix v4.0 - Diagn\u00f3stico & Fixes Windows"}]}},{"action":"addPageControls","payload":{"controls":[{"t":"view","i":"_1","p":"page","c":["_2","_4"],"at":"0","padding":"0"},{"t":"appbar","i":"_2","p":"_1","c":["_3"],"bgcolor":"blue700","centertitle":"false","toolbarheight":"48"},{"t":"text","i":"_3","p":"_2","c":[],"color":"white","n":"title","size":"18","value":"WinFix v4.0","weight":"bold"},{"t":"container","i":"_4","p":"_1","c":["_5"],"expand":"1","padding":"0"},{"t":"tabs","i":"_5","p":"_4","c":["_6","_24","_53"],"expand":"1","n":"content","selectedindex":"0"},{"t":"tab","i":"_6","p":"_5","c":["_7"],"text":"\ud83d\udd0d Diagn\u00f3sticos"},{"t":"column","i":"_7","p":"_6","c":["_8","_11","_20"],"expand":"1","n":"content","spacing":"0"},{"t":"container","i":"_8","p":"_7","c":["_9"],"padding":"{\"l\":16,\"t\":16,\"r\":16,\"b\":8}"},{"t":"row","i":"_9","p":"_8","c":["_10"],"alignment":"start","n":"content"},{"t":"elevatedbutton","i":"_10","p":"_9","c":[],"height":"42","style":"{\"color\":\"white\",\"bgcolor\":\"blue600\",\"padding\":{},\"side\":{},\"shape\":{},\"text_style\":{}}","text":"\u25b6  Executar Diagn\u00f3sticos"},{"t":"container","i":"_11","p":"_7","c":["_12"],"expand":"1","padding":"{\"l\":16,\"t\":0,\"r\":16,\"b\":0}"},{"t":"column","i":"_12","p":"_11","c":["_13"],"expand":"1","n":"content","scroll":"auto"},{"t":"datatable","i":"_13","p":"_12","c":["_14","_16","_18"],"border":"{\"l\":{\"w\":1,\"c\":\"outlinevariant\",\"sa\":null},\"t\":{\"w\":1,\"c\":\"outlinevariant\",\"sa\":null},\"r\":{\"w\":1,\"c\":\"outlinevariant\",\"sa\":null},\"b\":{\"w\":1,\"c\":\"outlinevariant\",\"sa\":null}}","borderradius":"8","columnspacing":"16","datarowmaxheight":"80","expand":"1","horizontallines":"{\"w\":1,\"c\":\"outlinevariant\",\"sa\":null}","verticallines":"{\"w\":1,\"c\":\"outlinevariant\",\"sa\":null}"},{"t":"datacolumn","i":"_14","p":"_13","c":["_15"],"numeric":"false"},{"t":"text","i":"_15","p":"_14","c":[],"n":"label","size":"13","value":"Teste","weight":"bold"},{"t":"datacolumn","i":"_16","p":"_13","c":["_17"]},{"t":"text","i":"_17","p":"_16","c":[],"n":"label","size":"13","value":"Status","weight":"bold"},{"t":"datacolumn","i":"_18","p":"_13","c":["_19"]},{"t":"text","i":"_19","p":"_18","c":[],"n":"label","size":"13","value":"Detalhes","weight":"bold"},{"t":"container","i":"_20","p":"_7","c":["_21"],"bgcolor":"surfacevariant","padding":"{\"l\":16,\"t\":8,\"r\":16,\"b\":8}"},{"t":"row","i":"_21","p":"_20","c":["_22","_23"],"n":"content","spacing":"12","verticalalignment":"center"},{"t":"progressbar","i":"_22","p":"_21","c":[],"bgcolor":"surfacevariant","color":"green400","expand":"1","value":"0"},{"t":"text","i":"_23","p":"_21","c":[],"size":"13","value":"Pronto para diagn\u00f3sticos!","weight":"bold"},{"t":"tab","i":"_24","p":"_5","c":["_25"],"text":"\ud83d\udd27 Fixes"},{"t":"column","i":"_25","p":"_24","c":["_26","_31","_48"],"expand":"1","n":"content","spacing":"0"},{"t":"container","i":"_26","p":"_25","c":["_27"],"bgcolor":"orange100","borderradius":"6","margin":"{\"l\":16,\"t\":12,\"r\":16,\"b\":0}","padding":"{\"l\":16,\"t\":8,\"r\":16,\"b\":8}","visible":"true"},{"t":"row","i":"_27","p":"_26","c":["_28","_29","_30"],"n":"content","spacing":"10","verticalalignment":"center"},{"t":"icon","i":"_28","p":"_27","c":[],"color":"orange700","name":"warning_amber_rounded","size":"20"},{"t":"text","i":"_29","p":"_27","c":[],"color":"orange900","expand":"1","size":"12","value":"Sem privil\u00e9gios de administrador \u2014 fixes que exigem admin ir\u00e3o falhar."},{"t":"elevatedbutton","i":"_30","p":"_27","c":[],"height":"34","style":"{\"color\":\"white\",\"bgcolor\":\"orange700\",\"padding\":{},\"side\":{},\"shape\":{},\"text_style\":{}}","text":"Reabrir como Admin"},{"t":"container","i":"_31","p":"_25","c":["_32"],"expand":"1","padding":"{\"l\":16,\"t\":16,\"r\":16,\"b\":16}"},{"t":"column","i":"_32","p":"_31","c":["_33","_36","_47"],"n":"content","spacing":"14"},{"t":"row","i":"_33","p":"_32","c":["_34","_35"],"spacing":"12","wrap":"true"},{"t":"elevatedbutton","i":"_34","p":"_33","c":[],"height":"42","style":"{\"color\":\"white\",\"bgcolor\":\"blue500\",\"padding\":{},\"side\":{},\"shape\":{},\"text_style\":{}}","text":"Executar Todos os Fixes"},{"t":"elevatedbutton","i":"_35","p":"_33","c":[],"height":"42","style":"{\"color\":\"white\",\"bgcolor\":\"green600\",\"padding\":{},\"side\":{},\"shape\":{},\"text_style\":{}}","text":"Executar Fix Selecionado"},{"t":"dropdown","i":"_36","p":"_32","c":["_37","_38","_39","_40","_41","_42","_43","_44","_45","_46"],"label":"Selecione o fix","width":"360"},{"t":"dropdownoption","i":"_37","p":"_36","c":[],"key":"DNS Flush"},{"t":"dropdownoption","i":"_38","p":"_36","c":[],"key":"Winsock"},{"t":"dropdownoption","i":"_39","p":"_36","c":[],"key":"IP Reset"},{"t":"dropdownoption","i":"_40","p":"_36","c":[],"key":"Firewall"},{"t":"dropdownoption","i":"_41","p":"_36","c":[],"key":"DNS Service"},{"t":"dropdownoption","i":"_42","p":"_36","c":[],"key":"GPUpdate"},{"t":"dropdownoption","i":"_43","p":"_36","c":[],"key":"CHKDSK"},{"t":"dropdownoption","i":"_44","p":"_36","c":[],"key":"SFC"},{"t":"dropdownoption","i":"_45","p":"_36","c":[],"key":"DISM"},{"t":"dropdownoption","i":"_46","p":"_36","c":[],"key":"IP Renew"},{"t":"textfield","i":"_47","p":"_32","c":[],"bordercolor":"outlinevariant","expand":"1","label":"Output do comando","maxlines":"8","minlines":"8","multiline":"true","readonly":"true","textsize":"11"},{"t":"container","i":"_48","p":"_25","c":["_49"],"bgcolor":"surfacevariant","padding":"{\"l\":16,\"t\":8,\"r\":16,\"b\":8}"},{"t":"row","i":"_49","p":"_48","c":["_50","_51","_52"],"n":"content","spacing":"12","verticalalignment":"center"},{"t":"text","i":"_50","p":"_49","c":[],"size":"13","weight":"bold","width":"60"},{"t":"progressbar","i":"_51","p":"_49","c":[],"bgcolor":"surfacevariant","color":"orange400","expand":"1","value":"0"},{"t":"text","i":"_52","p":"_49","c":[],"size":"13","value":"Selecione um fix e clique em executar.","weight":"bold"},{"t":"tab","i":"_53","p":"_5","c":["_54"],"text":"\ud83d\udcca Relat\u00f3rio"},{"t":"column","i":"_54","p":"_53","c":["_55"],"expand":"1","n":"content","spacing":"0"},{"t":"container","i":"_55","p":"_54","c":["_56"],"padding":"{\"l\":16,\"t\":16,\"r\":16,\"b\":16}"},{"t":"column","i":"_56","p":"_55","c":["_57","_58","_59"],"n":"content","spacing":"16"},{"t":"text","i":"_57","p":"_56","c":[],"size":"14","value":"Gera um arquivo TXT formatado com o resultado dos diagn\u00f3sticos."},{"t":"elevatedbutton","i":"_58","p":"_56","c":[],"height":"42","style":"{\"color\":\"white\",\"bgcolor\":\"indigo500\",\"padding\":{},\"side\":{},\"shape\":{},\"text_style\":{}}","text":"\ud83d\udcc4 Exportar Relat\u00f3rio"},{"t":"text","i":"_59","p":"_56","c":[],"size":"13","value":"Nenhum relat\u00f3rio exportado ainda."}],"trimIDs":[]}},{"action":"addPageControls","payload":{"controls":[{"t":"offstage","i":"_60","p":"page","c":["_61"],"at":"1"},{"t":"filepicker","i":"_61","p":"_60","c":[],"upload":"[]"}],"trimIDs":[]}}]}
2026-05-25 20:12:31,948 - flet - DEBUG - sent to TCP: 7163
2026-05-25 20:12:35,399 - flet - DEBUG - _on_message: {"action":"pageEventFromWeb","payload":{"eventTarget":"page","eventName":"app_lifecycle_state_change","eventData":"inactive"}}
2026-05-25 20:12:35,399 - flet - DEBUG - page.on_event_async: page app_lifecycle_state_change inactive
2026-05-25 20:12:35,402 - flet - DEBUG - _on_message: {"action":"pageEventFromWeb","payload":{"eventTarget":"page","eventName":"app_lifecycle_state_change","eventData":"hide"}}
2026-05-25 20:12:35,402 - flet - DEBUG - page.on_event_async: page app_lifecycle_state_change hide
2026-05-25 20:12:35,546 - flet_desktop - DEBUG - Flet View process 3968
2026-05-25 20:12:35,546 - flet - DEBUG - Closing connection...
2026-05-25 20:12:35,546 - flet - DEBUG - Disconnecting all pages...
2026-05-25 20:12:35,547 - flet - DEBUG - page.on_event_async: page disconnect 
2026-05-25 20:12:35,547 - flet - DEBUG - Shutting down thread pool...
